#
# There is insufficient memory for the Java Runtime Environment to continue.
# Native memory allocation (malloc) failed to allocate 1048576 bytes for AllocateHeap
# Possible reasons:
#   The system is out of physical RAM or swap space
#   The process is running with CompressedOops enabled, and the Java Heap may be blocking the growth of the native heap
# Possible solutions:
#   Reduce memory load on the system
#   Increase physical memory or swap space
#   Check if swap backing store is full
#   Decrease Java heap size (-Xmx/-Xms)
#   Decrease number of Java threads
#   Decrease Java thread stack sizes (-Xss)
#   Set larger code cache with -XX:ReservedCodeCacheSize=
#   JVM is running with Unscaled Compressed Oops mode in which the Java heap is
#     placed in the first 4GB address space. The Java Heap base address is the
#     maximum limit for the native heap growth. Please use -XX:HeapBaseMinAddress
#     to set the Java Heap base and to place the Java Heap above 4GB virtual address.
# This output file may be truncated or incomplete.
#
#  Out of Memory Error (allocation.cpp:44), pid=22164, tid=10340
#
# JRE version:  (21.0.2+13) (build )
# Java VM: OpenJDK 64-Bit Server VM (21.0.2+13-58, mixed mode, sharing, tiered, compressed oops, compressed class ptrs, g1 gc, windows-amd64)
# No core dump will be written. Minidumps are not enabled by default on client versions of Windows
#

---------------  S U M M A R Y ------------

Command Line: -Dmaven.multiModuleProjectDirectory=C:\Users\landa\OneDrive\Escritorio\Entrenamiento-prueba tecnica\ApiReproductor\Reproductor -Djansi.passthrough=true -Dmaven.home=C:/Users/landa/.m2/wrapper/dists/apache-maven-3.9.14-bin/1cb7fhup6b5n3bed6kckbrnspv/apache-maven-3.9.14 -Dclassworlds.conf=C:\Users\landa\.m2\wrapper\dists\apache-maven-3.9.14-bin\1cb7fhup6b5n3bed6kckbrnspv\apache-maven-3.9.14\bin\m2.conf -Dmaven.ext.class.path=C:\Program Files\JetBrains\IntelliJ IDEA Community Edition 2025.1.3\plugins\maven\lib\maven-event-listener.jar -javaagent:C:\Program Files\JetBrains\IntelliJ IDEA Community Edition 2025.1.3\lib\idea_rt.jar=55163 -Dfile.encoding=UTF-8 -Dsun.stdout.encoding=UTF-8 -Dsun.stderr.encoding=UTF-8 org.codehaus.classworlds.Launcher -Didea.version=2025.1.3 spring-boot:run

Host: 12th Gen Intel(R) Core(TM) i3-1215U, 8 cores, 5G,  Windows 11 , 64 bit Build 26100 (10.0.26100.7920)
Time: Wed Apr 15 07:33:23 2026 Hora estándar central (México) elapsed time: 0.140711 seconds (0d 0h 0m 0s)

---------------  T H R E A D  ---------------

Current thread (0x000001c742c449e0):  JavaThread "Unknown thread" [_thread_in_vm, id=10340, stack(0x000000b351b00000,0x000000b351c00000) (1024K)]

Stack: [0x000000b351b00000,0x000000b351c00000]
Native frames: (J=compiled Java code, j=interpreted, Vv=VM code, C=native code)
V  [jvm.dll+0x6cade9]
V  [jvm.dll+0x8569c1]
V  [jvm.dll+0x858d2e]
V  [jvm.dll+0x859413]
V  [jvm.dll+0x280e56]
V  [jvm.dll+0xbeb17]
V  [jvm.dll+0x331af5]
V  [jvm.dll+0x32a141]
V  [jvm.dll+0x81efa9]
V  [jvm.dll+0x3bba01]
V  [jvm.dll+0x807928]
V  [jvm.dll+0x44f50e]
V  [jvm.dll+0x450e11]
C  [jli.dll+0x52a3]
C  [ucrtbase.dll+0x37b0]
C  [KERNEL32.DLL+0x2e8d7]
C  [ntdll.dll+0x8c48c]


---------------  P R O C E S S  ---------------

Threads class SMR info:
_java_thread_list=0x00007ff83fe1bb88, length=0, elements={
}

Java Threads: ( => current thread )
Total: 0

Other Threads:
  0x000001c744fefc30 WorkerThread "GC Thread#0"                     [id=7052, stack(0x000000b351c00000,0x000000b351d00000) (1024K)]

[error occurred during error reporting (printing all threads), id 0xc0000005, EXCEPTION_ACCESS_VIOLATION (0xc0000005) at pc=0x00007ff83f586680]
VM state: not at safepoint (not fully initialized)

VM Mutex/Monitor currently owned by a thread:  ([mutex/lock_event])
[0x00007ff83fe8ce68] Heap_lock - owner thread: 0x000001c742c449e0

Heap address: 0x00000000a4800000, size: 1464 MB, Compressed Oops mode: 32-bit

CDS archive(s) mapped at: [0x0000000000000000-0x0000000000000000-0x0000000000000000), size 0, SharedBaseAddress: 0x0000000800000000, ArchiveRelocationMode: 1.
Narrow klass base: 0x0000000000000000, Narrow klass shift: 0, Narrow klass range: 0x0

GC Precious Log:
 CardTable entry size: 512
 Card Set container configuration: InlinePtr #cards 5 size 8 Array Of Cards #cards 12 size 40 Howl #buckets 4 coarsen threshold 1843 Howl Bitmap #cards 512 size 80 coarsen threshold 460 Card regions per heap region 1 cards per card region 2048

Heap:
 garbage-first heap   total 0K, used 0K [0x00000000a4800000, 0x0000000100000000)
  region size 1024K, 0 young (0K), 0 survivors (0K)

[error occurred during error reporting (printing heap information), id 0xc0000005, EXCEPTION_ACCESS_VIOLATION (0xc0000005) at pc=0x00007ff83f9739f9]
GC Heap History (0 events):
No events

Dll operation events (1 events):
Event: 0.087 Loaded shared library C:\Program Files\Java\jdk-21.0.2\bin\java.dll

Deoptimization events (0 events):
No events

Classes loaded (0 events):
No events

Classes unloaded (0 events):
No events

Classes redefined (0 events):
No events

Internal exceptions (0 events):
No events

ZGC Phase Switch (0 events):
No events

VM Operations (0 events):
No events

Events (0 events):
No events


Dynamic libraries:
0x00007ff77ccf0000 - 0x00007ff77ccfe000 	C:\Program Files\Java\jdk-21.0.2\bin\java.exe
0x00007ff8fae40000 - 0x00007ff8fb0a7000 	C:\WINDOWS\SYSTEM32\ntdll.dll
0x00007ff8fa260000 - 0x00007ff8fa329000 	C:\WINDOWS\System32\KERNEL32.DLL
0x00007ff8f7720000 - 0x00007ff8f7b11000 	C:\WINDOWS\System32\KERNELBASE.dll
0x00007ff8f8640000 - 0x00007ff8f878b000 	C:\WINDOWS\System32\ucrtbase.dll
0x00007ff8d9be0000 - 0x00007ff8d9bf8000 	C:\Program Files\Java\jdk-21.0.2\bin\jli.dll
0x00007ff8bb9f0000 - 0x00007ff8bba0b000 	C:\Program Files\Java\jdk-21.0.2\bin\VCRUNTIME140.dll
0x00007ff8f9df0000 - 0x00007ff8f9fb5000 	C:\WINDOWS\System32\USER32.dll
0x00007ff8f8a60000 - 0x00007ff8f8a87000 	C:\WINDOWS\System32\win32u.dll
0x00007ff8f9dc0000 - 0x00007ff8f9deb000 	C:\WINDOWS\System32\GDI32.dll
0x00007ff8f8390000 - 0x00007ff8f84bb000 	C:\WINDOWS\System32\gdi32full.dll
0x00007ff8f89b0000 - 0x00007ff8f8a53000 	C:\WINDOWS\System32\msvcp_win.dll
0x00007ff8d5a70000 - 0x00007ff8d5d03000 	C:\WINDOWS\WinSxS\amd64_microsoft.windows.common-controls_6595b64144ccf1df_6.0.26100.8037_none_3e092faae333b53b\COMCTL32.dll
0x00007ff8fab70000 - 0x00007ff8fac19000 	C:\WINDOWS\System32\msvcrt.dll
0x00007ff8f94b0000 - 0x00007ff8f94e1000 	C:\WINDOWS\System32\IMM32.DLL
0x00007ff8bf8c0000 - 0x00007ff8bf8cc000 	C:\Program Files\Java\jdk-21.0.2\bin\vcruntime140_1.dll
0x00007ff8a38d0000 - 0x00007ff8a395e000 	C:\Program Files\Java\jdk-21.0.2\bin\msvcp140.dll
0x00007ff83f250000 - 0x00007ff83ff67000 	C:\Program Files\Java\jdk-21.0.2\bin\server\jvm.dll
0x00007ff8f93f0000 - 0x00007ff8f94ab000 	C:\WINDOWS\System32\ADVAPI32.dll
0x00007ff8f9a80000 - 0x00007ff8f9b27000 	C:\WINDOWS\System32\sechost.dll
0x00007ff8f9c80000 - 0x00007ff8f9d98000 	C:\WINDOWS\System32\RPCRT4.dll
0x00007ff8fa330000 - 0x00007ff8fa3a4000 	C:\WINDOWS\System32\WS2_32.dll
0x00007ff8f7580000 - 0x00007ff8f75de000 	C:\WINDOWS\SYSTEM32\POWRPROF.dll
0x00007ff8ecc30000 - 0x00007ff8ecc65000 	C:\WINDOWS\SYSTEM32\WINMM.dll
0x00007ff8ec9b0000 - 0x00007ff8ec9bb000 	C:\WINDOWS\SYSTEM32\VERSION.dll
0x00007ff8f7560000 - 0x00007ff8f7574000 	C:\WINDOWS\SYSTEM32\UMPDC.dll
0x00007ff8f6480000 - 0x00007ff8f649b000 	C:\WINDOWS\SYSTEM32\kernel.appcore.dll
0x00007ff8bf7f0000 - 0x00007ff8bf7fa000 	C:\Program Files\Java\jdk-21.0.2\bin\jimage.dll
0x00007ff8f55b0000 - 0x00007ff8f57f2000 	C:\WINDOWS\SYSTEM32\DBGHELP.DLL
0x00007ff8fa510000 - 0x00007ff8fa892000 	C:\WINDOWS\System32\combase.dll
0x00007ff8fa3b0000 - 0x00007ff8fa487000 	C:\WINDOWS\System32\OLEAUT32.dll
0x00007ff8d4bd0000 - 0x00007ff8d4c0b000 	C:\WINDOWS\SYSTEM32\dbgcore.DLL
0x00007ff8f8790000 - 0x00007ff8f8835000 	C:\WINDOWS\System32\bcryptPrimitives.dll
0x00007ff8baa30000 - 0x00007ff8baa3f000 	C:\Program Files\Java\jdk-21.0.2\bin\instrument.dll
0x00007ff8aa4b0000 - 0x00007ff8aa4cf000 	C:\Program Files\Java\jdk-21.0.2\bin\java.dll

dbghelp: loaded successfully - version: 4.0.5 - missing functions: none
symbol engine: initialized successfully - sym options: 0x614 - pdb path: .;C:\Program Files\Java\jdk-21.0.2\bin;C:\WINDOWS\SYSTEM32;C:\WINDOWS\WinSxS\amd64_microsoft.windows.common-controls_6595b64144ccf1df_6.0.26100.8037_none_3e092faae333b53b;C:\Program Files\Java\jdk-21.0.2\bin\server

VM Arguments:
jvm_args: -Dmaven.multiModuleProjectDirectory=C:\Users\landa\OneDrive\Escritorio\Entrenamiento-prueba tecnica\ApiReproductor\Reproductor -Djansi.passthrough=true -Dmaven.home=C:/Users/landa/.m2/wrapper/dists/apache-maven-3.9.14-bin/1cb7fhup6b5n3bed6kckbrnspv/apache-maven-3.9.14 -Dclassworlds.conf=C:\Users\landa\.m2\wrapper\dists\apache-maven-3.9.14-bin\1cb7fhup6b5n3bed6kckbrnspv\apache-maven-3.9.14\bin\m2.conf -Dmaven.ext.class.path=C:\Program Files\JetBrains\IntelliJ IDEA Community Edition 2025.1.3\plugins\maven\lib\maven-event-listener.jar -javaagent:C:\Program Files\JetBrains\IntelliJ IDEA Community Edition 2025.1.3\lib\idea_rt.jar=55163 -Dfile.encoding=UTF-8 -Dsun.stdout.encoding=UTF-8 -Dsun.stderr.encoding=UTF-8 
java_command: org.codehaus.classworlds.Launcher -Didea.version=2025.1.3 spring-boot:run
java_class_path (initial): C:\Users\landa\.m2\wrapper\dists\apache-maven-3.9.14-bin\1cb7fhup6b5n3bed6kckbrnspv\apache-maven-3.9.14\boot\plexus-classworlds-2.9.0.jar;C:\Users\landa\.m2\wrapper\dists\apache-maven-3.9.14-bin\1cb7fhup6b5n3bed6kckbrnspv\apache-maven-3.9.14\boot\plexus-classworlds.license
Launcher Type: SUN_STANDARD

[Global flags]
     intx CICompilerCount                          = 4                                         {product} {ergonomic}
     uint ConcGCThreads                            = 2                                         {product} {ergonomic}
     uint G1ConcRefinementThreads                  = 8                                         {product} {ergonomic}
   size_t G1HeapRegionSize                         = 1048576                                   {product} {ergonomic}
    uintx GCDrainStackTargetSize                   = 64                                        {product} {ergonomic}
   size_t InitialHeapSize                          = 96468992                                  {product} {ergonomic}
   size_t MarkStackSize                            = 4194304                                   {product} {ergonomic}
   size_t MaxHeapSize                              = 1535115264                                {product} {ergonomic}
   size_t MinHeapDeltaBytes                        = 1048576                                   {product} {ergonomic}
   size_t MinHeapSize                              = 8388608                                   {product} {ergonomic}
    uintx NonNMethodCodeHeapSize                   = 5839372                                {pd product} {ergonomic}
    uintx NonProfiledCodeHeapSize                  = 122909434                              {pd product} {ergonomic}
    uintx ProfiledCodeHeapSize                     = 122909434                              {pd product} {ergonomic}
    uintx ReservedCodeCacheSize                    = 251658240                              {pd product} {ergonomic}
     bool SegmentedCodeCache                       = true                                      {product} {ergonomic}
   size_t SoftMaxHeapSize                          = 1535115264                             {manageable} {ergonomic}
     bool UseCompressedOops                        = true                           {product lp64_product} {ergonomic}
     bool UseG1GC                                  = true                                      {product} {ergonomic}
     bool UseLargePagesIndividualAllocation        = false                                  {pd product} {ergonomic}

Logging:
Log output configuration:
 #0: stdout all=warning uptime,level,tags foldmultilines=false
 #1: stderr all=off uptime,level,tags foldmultilines=false

Environment Variables:
JAVA_HOME=C:\Program Files\Java\jdk-21.0.2
PATH=C:\OracleApp\bin;C:\Oracle\bin;C:\WINDOWS\system32;C:\WINDOWS;C:\WINDOWS\System32\Wbem;C:\WINDOWS\System32\WindowsPowerShell\v1.0\;C:\WINDOWS\System32\OpenSSH\;C:\wamp64\bin\php\php8.3.14;C:\ProgramData\ComposerSetup\bin;C:\Program Files\nodejs\;C:\Program Files\Git\cmd;C:\Program Files\dotnet\;C:\Program Files\Java\jdk-21.0.2\bin;C:\Program Files (x86)\Microsoft SQL Server\160\Tools\Binn\;C:\Program Files\Microsoft SQL Server\160\Tools\Binn\;C:\Program Files\Microsoft SQL Server\Client SDK\ODBC\170\Tools\Binn\;C:\Program Files\Microsoft SQL Server\160\DTS\Binn\;C:\Program Files\Microsoft SQL Server\150\Tools\Binn\;C:\Program Files\PostgreSQL\16\bin;C:\Users\landa\AppData\Local\Microsoft\WindowsApps;C:\Users\landa\AppData\Local\Programs\Microsoft VS Code\bin;C:\Users\landa\AppData\Roaming\Composer\vendor\bin;C:\Users\landa\AppData\Roaming\npm;C:\Program Files\JetBrains\IntelliJ IDEA Community Edition 2025.1.3\bin;;C:\Users\landa\.dotnet\tools;C:\Users\landa\AppData\Local\Microsoft\WinGet\Packages\Cloudflare.cloudflared_Microsoft.Winget.Source_8wekyb3d8bbwe;C:\Users\landa\AppData\Local\Python\bin;C:\Users\landa\AppData\Local\Python\pythoncore-3.14-64\Scripts;C:\Users\landa\AppData\Local\Programs\cursor\resources\app\bin
USERNAME=landa
OS=Windows_NT
PROCESSOR_IDENTIFIER=Intel64 Family 6 Model 154 Stepping 4, GenuineIntel
TMP=C:\Users\landa\AppData\Local\Temp
TEMP=C:\Users\landa\AppData\Local\Temp




Periodic native trim disabled

---------------  S Y S T E M  ---------------

OS:
 Windows 11 , 64 bit Build 26100 (10.0.26100.7920)
OS uptime: 0 days 15:32 hours
Hyper-V role detected

CPU: total 8 (initial active 8) (4 cores per cpu, 2 threads per core) family 6 model 154 stepping 4 microcode 0x435, cx8, cmov, fxsr, ht, mmx, 3dnowpref, sse, sse2, sse3, ssse3, sse4.1, sse4.2, popcnt, lzcnt, tsc, tscinvbit, avx, avx2, aes, erms, clmul, bmi1, bmi2, adx, sha, fma, vzeroupper, clflush, clflushopt, clwb, hv, serialize, rdtscp, rdpid, fsrm, f16c, cet_ibt, cet_ss
Processor Information for all 8 processors :
  Max Mhz: 1200, Current Mhz: 1200, Mhz Limit: 1200

Memory: 4k page, system-wide physical 5855M (3M free)
TotalPageFile size 24287M (AvailPageFile size 4M)
current process WorkingSet (physical memory assigned to process): 12M, peak: 12M
current process commit charge ("private bytes"): 57M, peak: 58M

vm_info: OpenJDK 64-Bit Server VM (21.0.2+13-58) for windows-amd64 JRE (21.0.2+13-58), built on 2024-01-05T18:32:24Z by "mach5one" with MS VC++ 17.1 (VS2022)

END.
